Performing C++ SOURCE FILE Test HAVE_CXX_FLAG_WSUGGEST_OVERRIDE failed with the following output:
Change Dir: /home/v/Desktop/value/build/release/CMakeFiles/CMakeTmp

Run Build Command(s):/usr/bin/make cmTC_bc189/fast && /usr/bin/make -f CMakeFiles/cmTC_bc189.dir/build.make CMakeFiles/cmTC_bc189.dir/build
make[1]: Entering directory '/home/v/Desktop/value/build/release/CMakeFiles/CMakeTmp'
Building CXX object CMakeFiles/cmTC_bc189.dir/src.cxx.o
/usr/bin/clang++-10    -stdlib=libc++  -std=c++11  -Wall  -Wextra  -Wshadow -DHAVE_CXX_FLAG_WSUGGEST_OVERRIDE  -Wsuggest-override   -Wsuggest-override -o CMakeFiles/cmTC_bc189.dir/src.cxx.o -c /home/v/Desktop/value/build/release/CMakeFiles/CMakeTmp/src.cxx
warning: unknown warning option '-Wsuggest-override'; did you mean '-Wshift-overflow'? [-Wunknown-warning-option]
warning: unknown warning option '-Wsuggest-override'; did you mean '-Wshift-overflow'? [-Wunknown-warning-option]
2 warnings generated.
Linking CXX executable cmTC_bc189
/usr/bin/cmake -E cmake_link_script CMakeFiles/cmTC_bc189.dir/link.txt --verbose=1
/usr/bin/clang++-10   -stdlib=libc++  -std=c++11  -Wall  -Wextra  -Wshadow -DHAVE_CXX_FLAG_WSUGGEST_OVERRIDE  -Wsuggest-override    CMakeFiles/cmTC_bc189.dir/src.cxx.o  -o cmTC_bc189 
make[1]: Leaving directory '/home/v/Desktop/value/build/release/CMakeFiles/CMakeTmp'


Source file was:
int main() { return 0; }
Performing C++ SOURCE FILE Test HAVE_CXX_FLAG_WD654 failed with the following output:
Change Dir: /home/v/Desktop/value/build/release/CMakeFiles/CMakeTmp

Run Build Command(s):/usr/bin/make cmTC_ec649/fast && /usr/bin/make -f CMakeFiles/cmTC_ec649.dir/build.make CMakeFiles/cmTC_ec649.dir/build
make[1]: Entering directory '/home/v/Desktop/value/build/release/CMakeFiles/CMakeTmp'
Building CXX object CMakeFiles/cmTC_ec649.dir/src.cxx.o
/usr/bin/clang++-10    -stdlib=libc++  -std=c++11  -Wall  -Wextra  -Wshadow  -pedantic  -pedantic-errors  -Wshorten-64-to-32  -fstrict-aliasing  -Wno-deprecated-declarations  -Wstrict-aliasing -DHAVE_CXX_FLAG_WD654  -wd654   -wd654 -o CMakeFiles/cmTC_ec649.dir/src.cxx.o -c /home/v/Desktop/value/build/release/CMakeFiles/CMakeTmp/src.cxx
clang: error: unknown argument: '-wd654'
clang: error: unknown argument: '-wd654'
make[1]: *** [CMakeFiles/cmTC_ec649.dir/build.make:66: CMakeFiles/cmTC_ec649.dir/src.cxx.o] Error 1
make[1]: Leaving directory '/home/v/Desktop/value/build/release/CMakeFiles/CMakeTmp'
make: *** [Makefile:121: cmTC_ec649/fast] Error 2


Source file was:
int main() { return 0; }
Performing C SOURCE FILE Test CMAKE_HAVE_LIBC_PTHREAD failed with the following output:
Change Dir: /home/v/Desktop/value/build/release/CMakeFiles/CMakeTmp

Run Build Command(s):/usr/bin/make cmTC_57241/fast && /usr/bin/make -f CMakeFiles/cmTC_57241.dir/build.make CMakeFiles/cmTC_57241.dir/build
make[1]: Entering directory '/home/v/Desktop/value/build/release/CMakeFiles/CMakeTmp'
Building C object CMakeFiles/cmTC_57241.dir/src.c.o
/usr/bin/cc   -DCMAKE_HAVE_LIBC_PTHREAD   -o CMakeFiles/cmTC_57241.dir/src.c.o   -c /home/v/Desktop/value/build/release/CMakeFiles/CMakeTmp/src.c
Linking C executable cmTC_57241
/usr/bin/cmake -E cmake_link_script CMakeFiles/cmTC_57241.dir/link.txt --verbose=1
/usr/bin/cc  -DCMAKE_HAVE_LIBC_PTHREAD    CMakeFiles/cmTC_57241.dir/src.c.o  -o cmTC_57241 
/usr/bin/ld: CMakeFiles/cmTC_57241.dir/src.c.o: in function `main':
src.c:(.text+0x46): undefined reference to `pthread_create'
/usr/bin/ld: src.c:(.text+0x52): undefined reference to `pthread_detach'
/usr/bin/ld: src.c:(.text+0x63): undefined reference to `pthread_join'
collect2: error: ld returned 1 exit status
make[1]: *** [CMakeFiles/cmTC_57241.dir/build.make:87: cmTC_57241] Error 1
make[1]: Leaving directory '/home/v/Desktop/value/build/release/CMakeFiles/CMakeTmp'
make: *** [Makefile:121: cmTC_57241/fast] Error 2


Source file was:
#include <pthread.h>

void* test_func(void* data)
{
  return data;
}

int main(void)
{
  pthread_t thread;
  pthread_create(&thread, NULL, test_func, NULL);
  pthread_detach(thread);
  pthread_join(thread, NULL);
  pthread_atfork(NULL, NULL, NULL);
  pthread_exit(NULL);

  return 0;
}

